<?xml version="1.0" encoding="UTF-8"?>
<!-- Generated by org.testng.reporters.JUnitXMLReporter -->
<testsuite hostname="Anathi-PC" ignored="0" name="Default test" tests="3" failures="0" timestamp="27 May 2019 11:51:03 GMT" time="14.825" errors="0">
  <testcase name="Dashboard" time="2.39" classname="SOSFastAutomation.SOSFast.Stations"/>
  <testcase name="Searchbox" time="0.462" classname="SOSFastAutomation.SOSFast.Stations"/>
  <testcase name="ServiceStation" time="4.627" classname="SOSFastAutomation.SOSFast.Stations"/>
</testsuite> <!-- Default test -->
