<?xml version="1.0" encoding="UTF-8"?>
<!-- Generated by org.testng.reporters.JUnitXMLReporter -->
<testsuite hostname="CindyPrecious" ignored="0" name="ManageTest" tests="4" failures="0" timestamp="11 Jun 2019 09:31:29 GMT" time="25.583" errors="0">
  <testcase name="verifySignIn" time="4.11" classname="SOSFastAutomation.SOSFast.ManageProfile"/>
  <testcase name="verifyLogin" time="3.785" classname="SOSFastAutomation.SOSFast.ManageProfile"/>
  <testcase name="verifySignButton" time="0.094" classname="SOSFastAutomation.SOSFast.ManageProfile"/>
  <testcase name="VerifyFilter" time="12.81" classname="SOSFastAutomation.SOSFast.ManageProfile"/>
</testsuite> <!-- ManageTest -->
