<?xml version="1.0" encoding="UTF-8"?>
<!-- Generated by org.testng.reporters.JUnitXMLReporter -->
<testsuite hostname="CindyPrecious" ignored="0" name="ManageTest" tests="4" failures="0" timestamp="07 Jun 2019 13:09:57 GMT" time="24.071" errors="0">
  <testcase name="verifySignIn" time="4.282" classname="SOSFastAutomation.SOSFast.ManageProfile"/>
  <testcase name="verifyLogin" time="3.339" classname="SOSFastAutomation.SOSFast.ManageProfile"/>
  <testcase name="verifySignButton" time="0.1" classname="SOSFastAutomation.SOSFast.ManageProfile"/>
  <testcase name="VerifyFilter" time="12.136" classname="SOSFastAutomation.SOSFast.ManageProfile"/>
</testsuite> <!-- ManageTest -->
